ERROR:root:FIXME: Unimplemented - put('list','A sequence of things, created using []')
ERROR:root:FIXME: Unimplemented - get('list')
DEBUG:root:Connecting to PostgreSQL
DEBUG:root:Connecting to PostgreSQL
DEBUG:root:Database connection established
INFO:root:Constructing parser
DEBUG:root:Constructing put subparser
DEBUG:root:Constructing get subparser
INFO:root:Storing snippet 'Test': 'This is a test snippet'
DEBUG:root:Snippet stored successfully
DEBUG:root:Connecting to PostgreSQL
DEBUG:root:Database connection established
INFO:root:Constructing parser
DEBUG:root:Constructing put subparser
DEBUG:root:Constructing get subparser
DEBUG:root:Connecting to PostgreSQL
DEBUG:root:Database connection established
INFO:root:Constructing parser
DEBUG:root:Constructing put subparser
DEBUG:root:Constructing get subparser
INFO:root:Retrieving snippet 'Test'
DEBUG:root:Connecting to PostgreSQL
DEBUG:root:Database connection established
INFO:root:Constructing parser
DEBUG:root:Constructing put subparser
DEBUG:root:Constructing get subparser
INFO:root:Retrieving snippet 'Test'
DEBUG:root:Connecting to PostgreSQL
DEBUG:root:Database connection established
INFO:root:Constructing parser
DEBUG:root:Constructing put subparser
DEBUG:root:Constructing get subparser
INFO:root:Retrieving snippet 'Test'
DEBUG:root:Connecting to PostgreSQL
DEBUG:root:Database connection established
INFO:root:Constructing parser
DEBUG:root:Constructing put subparser
DEBUG:root:Constructing get subparser
INFO:root:Retrieving snippet 'Test'
DEBUG:root:Snippet retrieved successfully
DEBUG:root:Connecting to PostgreSQL
DEBUG:root:Database connection established
INFO:root:Constructing parser
DEBUG:root:Constructing put subparser
DEBUG:root:Constructing get subparser
DEBUG:root:Connecting to PostgreSQL
DEBUG:root:Database connection established
INFO:root:Constructing parser
DEBUG:root:Constructing put subparser
DEBUG:root:Constructing get subparser
INFO:root:Retrieving snippet 'Test'
DEBUG:root:Snippet retrieved successfully
DEBUG:root:Connecting to PostgreSQL
DEBUG:root:Database connection established
INFO:root:Constructing parser
DEBUG:root:Constructing put subparser
DEBUG:root:Constructing get subparser
INFO:root:Retrieving snippet 'poop'
DEBUG:root:Snippet retrieved successfully
DEBUG:root:Connecting to PostgreSQL
DEBUG:root:Database connection established
INFO:root:Constructing parser
DEBUG:root:Constructing put subparser
DEBUG:root:Constructing get subparser
INFO:root:Retrieved snippet 'Test'
DEBUG:root:Connecting to PostgreSQL
DEBUG:root:Database connection established
INFO:root:Constructing parser
DEBUG:root:Constructing put subparser
DEBUG:root:Constructing get subparser
INFO:root:Retrieved snippet 'Test'
DEBUG:root:Snippet retrieved successfully
DEBUG:root:Connecting to PostgreSQL
DEBUG:root:Database connection established
INFO:root:Constructing parser
DEBUG:root:Constructing put subparser
DEBUG:root:Constructing get subparser
INFO:root:Retrieved snippet 'Test'
DEBUG:root:Snippet retrieved successfully
DEBUG:root:Connecting to PostgreSQL
DEBUG:root:Database connection established
INFO:root:Constructing parser
DEBUG:root:Constructing put subparser
DEBUG:root:Constructing get subparser
INFO:root:Retrieved snippet 'Test1'
DEBUG:root:Snippet retrieved successfully
DEBUG:root:Connecting to PostgreSQL
DEBUG:root:Database connection established
INFO:root:Constructing parser
DEBUG:root:Constructing put subparser
DEBUG:root:Constructing get subparser
INFO:root:Retrieved snippet 'Test1'
DEBUG:root:Snippet retrieved successfully
DEBUG:root:Connecting to PostgreSQL
DEBUG:root:Database connection established
INFO:root:Constructing parser
DEBUG:root:Constructing put subparser
DEBUG:root:Constructing get subparser
DEBUG:root:Connecting to PostgreSQL
DEBUG:root:Database connection established
INFO:root:Constructing parser
DEBUG:root:Constructing put subparser
DEBUG:root:Constructing get subparser
INFO:root:Storing snippet 'Test': 'This is a test'
DEBUG:root:Connecting to PostgreSQL
DEBUG:root:Database connection established
INFO:root:Constructing parser
DEBUG:root:Constructing put subparser
DEBUG:root:Constructing get subparser
INFO:root:Storing snippet 'Test': 'This is a test'
DEBUG:root:Snippet stored successfully
DEBUG:root:Connecting to PostgreSQL
DEBUG:root:Database connection established
INFO:root:Constructing parser
DEBUG:root:Constructing put subparser
DEBUG:root:Constructing get subparser
INFO:root:Storing snippet 'Test': 'This is a new test'
DEBUG:root:Snippet stored successfully
DEBUG:root:Connecting to PostgreSQL
DEBUG:root:Connecting to PostgreSQL
DEBUG:root:Database connection established
INFO:root:Constructing parser
DEBUG:root:Constructing put subparser
DEBUG:root:Constructing get subparser
INFO:root:Storing snippet 'Test': 'This is a test'
DEBUG:root:Connecting to PostgreSQL
DEBUG:root:Database connection established
INFO:root:Constructing parser
DEBUG:root:Constructing put subparser
DEBUG:root:Constructing get subparser
INFO:root:Storing snippet 'Test': 'This is a test'
DEBUG:root:Snippet stored successfully
DEBUG:root:Connecting to PostgreSQL
DEBUG:root:Database connection established
INFO:root:Constructing parser
DEBUG:root:Constructing put subparser
DEBUG:root:Constructing get subparser
INFO:root:Storing snippet 'Test': 'This is a test'
DEBUG:root:Snippet stored successfully
DEBUG:root:Connecting to PostgreSQL
DEBUG:root:Database connection established
INFO:root:Constructing parser
DEBUG:root:Constructing put subparser
DEBUG:root:Constructing get subparser
INFO:root:Storing snippet 'Test': 'This is a test1'
DEBUG:root:Snippet stored successfully
DEBUG:root:Connecting to PostgreSQL
DEBUG:root:Database connection established
INFO:root:Constructing parser
DEBUG:root:Constructing put subparser
DEBUG:root:Constructing get subparser
INFO:root:Storing snippet 'Test': 'This is a test1'
DEBUG:root:Connecting to PostgreSQL
DEBUG:root:Database connection established
INFO:root:Constructing parser
DEBUG:root:Constructing put subparser
DEBUG:root:Constructing get subparser
INFO:root:Storing snippet 'Test1': 'This is a test1'
DEBUG:root:Snippet stored successfully
DEBUG:root:Connecting to PostgreSQL
DEBUG:root:Database connection established
INFO:root:Constructing parser
DEBUG:root:Constructing put subparser
DEBUG:root:Constructing get subparser
INFO:root:Storing snippet 'Test1': 'This is a test1'
DEBUG:root:Snippet stored successfully
DEBUG:root:Connecting to PostgreSQL
DEBUG:root:Database connection established
INFO:root:Constructing parser
DEBUG:root:Constructing put subparser
DEBUG:root:Constructing get subparser
INFO:root:Storing snippet 'Test1': 'This is a test2'
DEBUG:root:Snippet stored successfully
DEBUG:root:Connecting to PostgreSQL
DEBUG:root:Database connection established
INFO:root:Constructing parser
DEBUG:root:Constructing put subparser
DEBUG:root:Constructing get subparser
DEBUG:root:Constructing catalog subparser
DEBUG:root:Connecting to PostgreSQL
DEBUG:root:Database connection established
INFO:root:Constructing parser
DEBUG:root:Constructing put subparser
DEBUG:root:Constructing get subparser
DEBUG:root:Constructing catalog subparser
INFO:root:Retrieved snippet 'Test'
DEBUG:root:Snippet retrieved successfully
DEBUG:root:Connecting to PostgreSQL
DEBUG:root:Database connection established
INFO:root:Constructing parser
DEBUG:root:Constructing put subparser
DEBUG:root:Constructing get subparser
DEBUG:root:Constructing catalog subparser
DEBUG:root:Connecting to PostgreSQL
DEBUG:root:Database connection established
INFO:root:Constructing parser
DEBUG:root:Constructing put subparser
DEBUG:root:Constructing get subparser
DEBUG:root:Constructing catalog subparser
DEBUG:root:Connecting to PostgreSQL
DEBUG:root:Database connection established
INFO:root:Constructing parser
DEBUG:root:Constructing put subparser
DEBUG:root:Constructing get subparser
DEBUG:root:Constructing catalog subparser
DEBUG:root:Connecting to PostgreSQL
DEBUG:root:Database connection established
INFO:root:Constructing parser
DEBUG:root:Constructing put subparser
DEBUG:root:Constructing get subparser
DEBUG:root:Constructing catalog subparser
INFO:root:Retrieved keywords
DEBUG:root:Keywords retrieved successfully
DEBUG:root:Connecting to PostgreSQL
DEBUG:root:Database connection established
INFO:root:Constructing parser
DEBUG:root:Constructing put subparser
DEBUG:root:Constructing get subparser
DEBUG:root:Constructing catalog subparser
INFO:root:Retrieved keywords
DEBUG:root:Keywords retrieved successfully
DEBUG:root:Connecting to PostgreSQL
DEBUG:root:Database connection established
INFO:root:Constructing parser
DEBUG:root:Constructing put subparser
DEBUG:root:Constructing get subparser
DEBUG:root:Constructing catalog subparser
INFO:root:Retrieved keywords
DEBUG:root:Keywords retrieved successfully
DEBUG:root:Connecting to PostgreSQL
DEBUG:root:Database connection established
INFO:root:Constructing parser
DEBUG:root:Constructing put subparser
DEBUG:root:Constructing get subparser
DEBUG:root:Constructing catalog subparser
INFO:root:Retrieved keywords
DEBUG:root:Connecting to PostgreSQL
DEBUG:root:Database connection established
INFO:root:Constructing parser
DEBUG:root:Constructing put subparser
DEBUG:root:Constructing get subparser
DEBUG:root:Constructing catalog subparser
INFO:root:Retrieved keywords
DEBUG:root:Keywords retrieved successfully
DEBUG:root:Connecting to PostgreSQL
DEBUG:root:Database connection established
INFO:root:Constructing parser
DEBUG:root:Constructing put subparser
DEBUG:root:Constructing get subparser
DEBUG:root:Constructing catalog subparser
INFO:root:Retrieved keywords
DEBUG:root:Keywords retrieved successfully
DEBUG:root:Connecting to PostgreSQL
DEBUG:root:Database connection established
INFO:root:Constructing parser
DEBUG:root:Constructing put subparser
DEBUG:root:Constructing get subparser
DEBUG:root:Constructing catalog subparser
INFO:root:Retrieved keywords
DEBUG:root:Keywords retrieved successfully
DEBUG:root:Connecting to PostgreSQL
DEBUG:root:Database connection established
INFO:root:Constructing parser
DEBUG:root:Constructing put subparser
DEBUG:root:Constructing catalog subparser
DEBUG:root:Constructing search subparser
DEBUG:root:Constructing get subparser
INFO:root:Retrieved possible snippet matches
DEBUG:root:Connecting to PostgreSQL
DEBUG:root:Database connection established
INFO:root:Constructing parser
DEBUG:root:Constructing put subparser
DEBUG:root:Constructing catalog subparser
DEBUG:root:Constructing search subparser
DEBUG:root:Constructing get subparser
INFO:root:Retrieved possible snippet matches
DEBUG:root:Snippets retrieved successfully
DEBUG:root:Connecting to PostgreSQL
DEBUG:root:Database connection established
INFO:root:Constructing parser
DEBUG:root:Constructing put subparser
DEBUG:root:Constructing catalog subparser
DEBUG:root:Constructing search subparser
DEBUG:root:Constructing get subparser
INFO:root:Retrieved possible snippet matches
DEBUG:root:Snippets retrieved successfully
DEBUG:root:Connecting to PostgreSQL
DEBUG:root:Database connection established
INFO:root:Constructing parser
DEBUG:root:Constructing put subparser
DEBUG:root:Constructing catalog subparser
DEBUG:root:Constructing search subparser
DEBUG:root:Constructing get subparser
INFO:root:Retrieved possible snippet matches
DEBUG:root:Snippets retrieved successfully
DEBUG:root:Connecting to PostgreSQL
DEBUG:root:Database connection established
INFO:root:Constructing parser
DEBUG:root:Constructing put subparser
DEBUG:root:Constructing catalog subparser
DEBUG:root:Constructing search subparser
DEBUG:root:Constructing get subparser
INFO:root:Retrieved possible snippet matches
DEBUG:root:Snippets retrieved successfully
DEBUG:root:Connecting to PostgreSQL
DEBUG:root:Database connection established
INFO:root:Constructing parser
DEBUG:root:Constructing put subparser
DEBUG:root:Constructing catalog subparser
DEBUG:root:Constructing search subparser
DEBUG:root:Constructing get subparser
INFO:root:Retrieved possible snippet matches
DEBUG:root:Snippets retrieved successfully
DEBUG:root:Connecting to PostgreSQL
DEBUG:root:Database connection established
INFO:root:Constructing parser
DEBUG:root:Constructing put subparser
DEBUG:root:Constructing catalog subparser
DEBUG:root:Constructing search subparser
DEBUG:root:Constructing get subparser
INFO:root:Retrieved possible snippet matches
DEBUG:root:Snippets retrieved successfully
DEBUG:root:Connecting to PostgreSQL
DEBUG:root:Database connection established
INFO:root:Constructing parser
DEBUG:root:Constructing put subparser
DEBUG:root:Constructing catalog subparser
DEBUG:root:Constructing search subparser
DEBUG:root:Constructing get subparser
INFO:root:Retrieved possible snippet matches
DEBUG:root:Snippets retrieved successfully
DEBUG:root:Connecting to PostgreSQL
DEBUG:root:Database connection established
INFO:root:Constructing parser
DEBUG:root:Constructing put subparser
DEBUG:root:Constructing catalog subparser
DEBUG:root:Constructing search subparser
DEBUG:root:Constructing get subparser
INFO:root:Retrieved possible snippet matches
DEBUG:root:Snippets retrieved successfully
DEBUG:root:Connecting to PostgreSQL
DEBUG:root:Database connection established
INFO:root:Constructing parser
DEBUG:root:Constructing put subparser
DEBUG:root:Constructing catalog subparser
DEBUG:root:Constructing search subparser
DEBUG:root:Constructing get subparser
INFO:root:Retrieved keywords
DEBUG:root:Keywords retrieved successfully
DEBUG:root:Connecting to PostgreSQL
DEBUG:root:Database connection established
INFO:root:Constructing parser
DEBUG:root:Constructing put subparser
DEBUG:root:Constructing catalog subparser
DEBUG:root:Constructing search subparser
DEBUG:root:Constructing get subparser
INFO:root:Retrieved possible snippet matches
DEBUG:root:Connecting to PostgreSQL
DEBUG:root:Database connection established
INFO:root:Constructing parser
DEBUG:root:Constructing put subparser
DEBUG:root:Constructing catalog subparser
DEBUG:root:Constructing search subparser
DEBUG:root:Constructing get subparser
INFO:root:Retrieved possible snippet matches
DEBUG:root:Snippets retrieved successfully
DEBUG:root:Connecting to PostgreSQL
DEBUG:root:Database connection established
INFO:root:Constructing parser
DEBUG:root:Constructing put subparser
DEBUG:root:Constructing catalog subparser
DEBUG:root:Constructing search subparser
DEBUG:root:Constructing get subparser
INFO:root:Retrieved possible snippet matches
DEBUG:root:Snippets retrieved successfully
DEBUG:root:Connecting to PostgreSQL
DEBUG:root:Database connection established
INFO:root:Constructing parser
DEBUG:root:Constructing put subparser
DEBUG:root:Constructing catalog subparser
DEBUG:root:Constructing search subparser
DEBUG:root:Constructing get subparser
INFO:root:Retrieved snippet 'Test'
DEBUG:root:Snippet retrieved successfully
DEBUG:root:Connecting to PostgreSQL
DEBUG:root:Database connection established
INFO:root:Constructing parser
DEBUG:root:Constructing put subparser
DEBUG:root:Constructing catalog subparser
DEBUG:root:Constructing search subparser
DEBUG:root:Constructing get subparser
INFO:root:Retrieved possible snippet matches
DEBUG:root:Snippets retrieved successfully
DEBUG:root:Connecting to PostgreSQL
DEBUG:root:Database connection established
INFO:root:Constructing parser
DEBUG:root:Constructing put subparser
DEBUG:root:Constructing catalog subparser
DEBUG:root:Constructing search subparser
DEBUG:root:Constructing get subparser
INFO:root:Retrieved possible snippet matches
DEBUG:root:Connecting to PostgreSQL
DEBUG:root:Database connection established
INFO:root:Constructing parser
DEBUG:root:Constructing put subparser
DEBUG:root:Constructing catalog subparser
DEBUG:root:Constructing search subparser
DEBUG:root:Constructing get subparser
INFO:root:Retrieved possible snippet matches
DEBUG:root:Connecting to PostgreSQL
DEBUG:root:Database connection established
INFO:root:Constructing parser
DEBUG:root:Constructing put subparser
DEBUG:root:Constructing catalog subparser
DEBUG:root:Constructing search subparser
DEBUG:root:Constructing get subparser
INFO:root:Retrieved possible snippet matches
DEBUG:root:Connecting to PostgreSQL
DEBUG:root:Database connection established
INFO:root:Constructing parser
DEBUG:root:Constructing put subparser
DEBUG:root:Constructing catalog subparser
DEBUG:root:Constructing search subparser
DEBUG:root:Constructing get subparser
INFO:root:Retrieved possible snippet matches
DEBUG:root:Connecting to PostgreSQL
DEBUG:root:Database connection established
INFO:root:Constructing parser
DEBUG:root:Constructing put subparser
DEBUG:root:Constructing catalog subparser
DEBUG:root:Constructing search subparser
DEBUG:root:Constructing get subparser
INFO:root:Retrieved possible snippet matches
DEBUG:root:Snippets retrieved successfully
DEBUG:root:Connecting to PostgreSQL
DEBUG:root:Database connection established
INFO:root:Constructing parser
DEBUG:root:Constructing put subparser
DEBUG:root:Constructing catalog subparser
DEBUG:root:Constructing search subparser
DEBUG:root:Constructing get subparser
DEBUG:root:Connecting to PostgreSQL
DEBUG:root:Database connection established
INFO:root:Constructing parser
DEBUG:root:Constructing put subparser
DEBUG:root:Constructing catalog subparser
DEBUG:root:Constructing search subparser
DEBUG:root:Constructing get subparser
INFO:root:Storing snippet 'Test': "This is a 'test'"
DEBUG:root:Snippet stored successfully
DEBUG:root:Connecting to PostgreSQL
DEBUG:root:Database connection established
INFO:root:Constructing parser
DEBUG:root:Constructing put subparser
DEBUG:root:Constructing catalog subparser
DEBUG:root:Constructing search subparser
DEBUG:root:Constructing get subparser
INFO:root:Retrieved possible snippet matches
DEBUG:root:Snippets retrieved successfully
DEBUG:root:Connecting to PostgreSQL
DEBUG:root:Database connection established
INFO:root:Constructing parser
DEBUG:root:Constructing put subparser
DEBUG:root:Constructing catalog subparser
DEBUG:root:Constructing search subparser
DEBUG:root:Constructing get subparser
INFO:root:Retrieved possible snippet matches
DEBUG:root:Snippets retrieved successfully
DEBUG:root:Connecting to PostgreSQL
DEBUG:root:Database connection established
INFO:root:Constructing parser
DEBUG:root:Constructing put subparser
DEBUG:root:Constructing catalog subparser
DEBUG:root:Constructing search subparser
DEBUG:root:Constructing get subparser
INFO:root:Retrieved possible snippet matches
DEBUG:root:Snippets retrieved successfully
DEBUG:root:Connecting to PostgreSQL
DEBUG:root:Database connection established
INFO:root:Constructing parser
DEBUG:root:Constructing put subparser
DEBUG:root:Constructing catalog subparser
DEBUG:root:Constructing search subparser
DEBUG:root:Constructing get subparser
INFO:root:Retrieved possible snippet matches
DEBUG:root:Snippets retrieved successfully
DEBUG:root:Connecting to PostgreSQL
DEBUG:root:Database connection established
INFO:root:Constructing parser
DEBUG:root:Constructing put subparser
DEBUG:root:Constructing catalog subparser
DEBUG:root:Constructing search subparser
DEBUG:root:Constructing get subparser
INFO:root:Retrieved possible snippet matches
DEBUG:root:Snippets retrieved successfully
DEBUG:root:Connecting to PostgreSQL
DEBUG:root:Database connection established
INFO:root:Constructing parser
DEBUG:root:Constructing put subparser
DEBUG:root:Constructing catalog subparser
DEBUG:root:Constructing search subparser
DEBUG:root:Constructing get subparser
INFO:root:Retrieved possible snippet matches
DEBUG:root:Snippets retrieved successfully
DEBUG:root:Connecting to PostgreSQL
DEBUG:root:Database connection established
INFO:root:Constructing parser
DEBUG:root:Constructing put subparser
DEBUG:root:Constructing catalog subparser
DEBUG:root:Constructing search subparser
DEBUG:root:Constructing get subparser
DEBUG:root:Connecting to PostgreSQL
DEBUG:root:Database connection established
INFO:root:Constructing parser
DEBUG:root:Constructing put subparser
DEBUG:root:Constructing catalog subparser
DEBUG:root:Constructing search subparser
DEBUG:root:Constructing get subparser
DEBUG:root:Connecting to PostgreSQL
DEBUG:root:Database connection established
INFO:root:Constructing parser
DEBUG:root:Constructing put subparser
DEBUG:root:Constructing catalog subparser
DEBUG:root:Constructing search subparser
DEBUG:root:Constructing get subparser
DEBUG:root:Connecting to PostgreSQL
DEBUG:root:Database connection established
INFO:root:Constructing parser
DEBUG:root:Constructing put subparser
DEBUG:root:Constructing catalog subparser
DEBUG:root:Constructing search subparser
DEBUG:root:Constructing get subparser
INFO:root:Retrieved possible snippet matches
DEBUG:root:Snippets retrieved successfully
DEBUG:root:Connecting to PostgreSQL
DEBUG:root:Database connection established
INFO:root:Constructing parser
DEBUG:root:Constructing put subparser
DEBUG:root:Constructing catalog subparser
DEBUG:root:Constructing search subparser
DEBUG:root:Constructing get subparser
INFO:root:Retrieved possible snippet matches
DEBUG:root:Snippets retrieved successfully
DEBUG:root:Connecting to PostgreSQL
DEBUG:root:Database connection established
INFO:root:Constructing parser
DEBUG:root:Constructing put subparser
DEBUG:root:Constructing catalog subparser
DEBUG:root:Constructing search subparser
DEBUG:root:Constructing get subparser
INFO:root:Retrieved possible snippet matches
DEBUG:root:Connecting to PostgreSQL
DEBUG:root:Database connection established
INFO:root:Constructing parser
DEBUG:root:Constructing put subparser
DEBUG:root:Constructing catalog subparser
DEBUG:root:Constructing search subparser
DEBUG:root:Constructing get subparser
INFO:root:Retrieved possible snippet matches
DEBUG:root:Snippets retrieved successfully
DEBUG:root:Connecting to PostgreSQL
DEBUG:root:Database connection established
INFO:root:Constructing parser
DEBUG:root:Constructing put subparser
DEBUG:root:Constructing catalog subparser
DEBUG:root:Constructing search subparser
DEBUG:root:Constructing get subparser
DEBUG:root:Connecting to PostgreSQL
DEBUG:root:Database connection established
INFO:root:Constructing parser
DEBUG:root:Constructing put subparser
DEBUG:root:Constructing catalog subparser
DEBUG:root:Constructing search subparser
DEBUG:root:Constructing get subparser
INFO:root:Retrieved possible snippet matches
DEBUG:root:Connecting to PostgreSQL
DEBUG:root:Database connection established
INFO:root:Constructing parser
DEBUG:root:Constructing put subparser
DEBUG:root:Constructing catalog subparser
DEBUG:root:Constructing search subparser
DEBUG:root:Constructing get subparser
INFO:root:Retrieved possible snippet matches
DEBUG:root:Connecting to PostgreSQL
DEBUG:root:Database connection established
INFO:root:Constructing parser
DEBUG:root:Constructing put subparser
DEBUG:root:Constructing catalog subparser
DEBUG:root:Constructing search subparser
DEBUG:root:Constructing get subparser
INFO:root:Retrieved possible snippet matches
DEBUG:root:Snippets retrieved successfully
DEBUG:root:Connecting to PostgreSQL
DEBUG:root:Database connection established
INFO:root:Constructing parser
DEBUG:root:Constructing put subparser
DEBUG:root:Constructing catalog subparser
DEBUG:root:Constructing search subparser
DEBUG:root:Constructing get subparser
INFO:root:Retrieved possible snippet matches
DEBUG:root:Snippets retrieved successfully
DEBUG:root:Connecting to PostgreSQL
DEBUG:root:Database connection established
INFO:root:Constructing parser
DEBUG:root:Constructing put subparser
DEBUG:root:Constructing catalog subparser
DEBUG:root:Constructing search subparser
DEBUG:root:Constructing get subparser
INFO:root:Retrieved possible snippet matches
DEBUG:root:Snippets retrieved successfully
DEBUG:root:Connecting to PostgreSQL
DEBUG:root:Database connection established
INFO:root:Constructing parser
DEBUG:root:Constructing put subparser
DEBUG:root:Constructing catalog subparser
DEBUG:root:Constructing search subparser
DEBUG:root:Constructing get subparser
INFO:root:Retrieved possible snippet matches
DEBUG:root:Snippets retrieved successfully
DEBUG:root:Connecting to PostgreSQL
DEBUG:root:Database connection established
INFO:root:Constructing parser
DEBUG:root:Constructing put subparser
DEBUG:root:Constructing catalog subparser
DEBUG:root:Constructing search subparser
DEBUG:root:Constructing get subparser
INFO:root:Retrieved possible snippet matches
DEBUG:root:Snippets retrieved successfully
DEBUG:root:Connecting to PostgreSQL
DEBUG:root:Database connection established
INFO:root:Constructing parser
DEBUG:root:Constructing put subparser
DEBUG:root:Constructing catalog subparser
DEBUG:root:Constructing search subparser
DEBUG:root:Constructing get subparser
INFO:root:Retrieved possible snippet matches
DEBUG:root:Snippets retrieved successfully
DEBUG:root:Connecting to PostgreSQL
DEBUG:root:Database connection established
INFO:root:Constructing parser
DEBUG:root:Constructing put subparser
DEBUG:root:Constructing catalog subparser
DEBUG:root:Constructing search subparser
DEBUG:root:Constructing get subparser
INFO:root:Retrieved possible snippet matches
DEBUG:root:Connecting to PostgreSQL
DEBUG:root:Database connection established
INFO:root:Constructing parser
DEBUG:root:Constructing put subparser
DEBUG:root:Constructing catalog subparser
DEBUG:root:Constructing search subparser
DEBUG:root:Constructing get subparser
INFO:root:Retrieved possible snippet matches
DEBUG:root:Snippets retrieved successfully
DEBUG:root:Connecting to PostgreSQL
DEBUG:root:Database connection established
INFO:root:Constructing parser
DEBUG:root:Constructing put subparser
DEBUG:root:Constructing catalog subparser
DEBUG:root:Constructing search subparser
DEBUG:root:Constructing get subparser
DEBUG:root:Connecting to PostgreSQL
DEBUG:root:Database connection established
INFO:root:Constructing parser
DEBUG:root:Constructing put subparser
DEBUG:root:Constructing catalog subparser
DEBUG:root:Constructing search subparser
DEBUG:root:Constructing get subparser
DEBUG:root:Connecting to PostgreSQL
DEBUG:root:Database connection established
INFO:root:Constructing parser
DEBUG:root:Constructing put subparser
DEBUG:root:Constructing catalog subparser
DEBUG:root:Constructing search subparser
DEBUG:root:Constructing get subparser
DEBUG:root:Connecting to PostgreSQL
DEBUG:root:Database connection established
INFO:root:Constructing parser
DEBUG:root:Constructing put subparser
DEBUG:root:Constructing catalog subparser
DEBUG:root:Constructing search subparser
DEBUG:root:Constructing get subparser
DEBUG:root:Connecting to PostgreSQL
DEBUG:root:Database connection established
INFO:root:Constructing parser
DEBUG:root:Constructing put subparser
DEBUG:root:Constructing catalog subparser
DEBUG:root:Constructing search subparser
DEBUG:root:Constructing get subparser
DEBUG:root:Connecting to PostgreSQL
DEBUG:root:Database connection established
INFO:root:Constructing parser
DEBUG:root:Constructing put subparser
DEBUG:root:Constructing catalog subparser
DEBUG:root:Constructing search subparser
DEBUG:root:Constructing get subparser
DEBUG:root:Connecting to PostgreSQL
DEBUG:root:Database connection established
INFO:root:Constructing parser
DEBUG:root:Constructing put subparser
DEBUG:root:Constructing catalog subparser
DEBUG:root:Constructing search subparser
DEBUG:root:Constructing get subparser
DEBUG:root:Connecting to PostgreSQL
DEBUG:root:Database connection established
INFO:root:Constructing parser
DEBUG:root:Constructing put subparser
DEBUG:root:Constructing catalog subparser
DEBUG:root:Constructing search subparser
DEBUG:root:Constructing get subparser
DEBUG:root:Connecting to PostgreSQL
DEBUG:root:Database connection established
INFO:root:Constructing parser
DEBUG:root:Constructing put subparser
DEBUG:root:Constructing catalog subparser
DEBUG:root:Constructing search subparser
DEBUG:root:Constructing get subparser
DEBUG:root:Connecting to PostgreSQL
DEBUG:root:Database connection established
INFO:root:Constructing parser
DEBUG:root:Constructing put subparser
DEBUG:root:Constructing catalog subparser
DEBUG:root:Constructing search subparser
DEBUG:root:Constructing get subparser
DEBUG:root:Connecting to PostgreSQL
DEBUG:root:Database connection established
INFO:root:Constructing parser
DEBUG:root:Constructing put subparser
DEBUG:root:Constructing catalog subparser
DEBUG:root:Constructing search subparser
DEBUG:root:Constructing get subparser
DEBUG:root:Connecting to PostgreSQL
DEBUG:root:Database connection established
INFO:root:Constructing parser
DEBUG:root:Constructing put subparser
DEBUG:root:Constructing catalog subparser
DEBUG:root:Constructing search subparser
DEBUG:root:Constructing get subparser
DEBUG:root:Connecting to PostgreSQL
DEBUG:root:Database connection established
INFO:root:Constructing parser
DEBUG:root:Constructing put subparser
DEBUG:root:Constructing catalog subparser
DEBUG:root:Constructing search subparser
DEBUG:root:Constructing get subparser
DEBUG:root:Connecting to PostgreSQL
DEBUG:root:Database connection established
INFO:root:Constructing parser
DEBUG:root:Constructing put subparser
DEBUG:root:Constructing catalog subparser
DEBUG:root:Constructing search subparser
DEBUG:root:Constructing get subparser
DEBUG:root:Connecting to PostgreSQL
DEBUG:root:Database connection established
INFO:root:Constructing parser
DEBUG:root:Constructing put subparser
DEBUG:root:Constructing catalog subparser
DEBUG:root:Constructing search subparser
DEBUG:root:Constructing get subparser
DEBUG:root:Connecting to PostgreSQL
DEBUG:root:Database connection established
INFO:root:Constructing parser
DEBUG:root:Constructing put subparser
DEBUG:root:Constructing catalog subparser
DEBUG:root:Constructing search subparser
DEBUG:root:Constructing get subparser
DEBUG:root:Connecting to PostgreSQL
DEBUG:root:Database connection established
INFO:root:Constructing parser
DEBUG:root:Constructing put subparser
DEBUG:root:Constructing catalog subparser
DEBUG:root:Constructing search subparser
DEBUG:root:Constructing get subparser
DEBUG:root:Connecting to PostgreSQL
DEBUG:root:Database connection established
INFO:root:Constructing parser
DEBUG:root:Constructing put subparser
DEBUG:root:Constructing catalog subparser
DEBUG:root:Constructing search subparser
DEBUG:root:Constructing get subparser
DEBUG:root:Connecting to PostgreSQL
DEBUG:root:Database connection established
INFO:root:Constructing parser
DEBUG:root:Constructing put subparser
DEBUG:root:Constructing catalog subparser
DEBUG:root:Constructing search subparser
DEBUG:root:Constructing get subparser
DEBUG:root:Connecting to PostgreSQL
DEBUG:root:Database connection established
INFO:root:Constructing parser
DEBUG:root:Constructing put subparser
DEBUG:root:Constructing catalog subparser
DEBUG:root:Constructing search subparser
DEBUG:root:Constructing get subparser
DEBUG:root:Connecting to PostgreSQL
DEBUG:root:Database connection established
INFO:root:Constructing parser
DEBUG:root:Constructing put subparser
DEBUG:root:Constructing catalog subparser
DEBUG:root:Constructing search subparser
DEBUG:root:Constructing get subparser
DEBUG:root:Connecting to PostgreSQL
DEBUG:root:Database connection established
INFO:root:Constructing parser
DEBUG:root:Constructing put subparser
DEBUG:root:Constructing catalog subparser
DEBUG:root:Constructing search subparser
DEBUG:root:Constructing get subparser
DEBUG:root:Connecting to PostgreSQL
DEBUG:root:Database connection established
INFO:root:Constructing parser
DEBUG:root:Constructing put subparser
DEBUG:root:Constructing catalog subparser
DEBUG:root:Constructing search subparser
DEBUG:root:Constructing get subparser
DEBUG:root:Connecting to PostgreSQL
DEBUG:root:Database connection established
INFO:root:Constructing parser
DEBUG:root:Constructing put subparser
DEBUG:root:Constructing catalog subparser
DEBUG:root:Constructing search subparser
DEBUG:root:Constructing get subparser
INFO:root:Storing snippet 'Test3': 'Show this message'
DEBUG:root:Snippet stored successfully
DEBUG:root:Connecting to PostgreSQL
DEBUG:root:Database connection established
INFO:root:Constructing parser
DEBUG:root:Constructing put subparser
DEBUG:root:Constructing catalog subparser
DEBUG:root:Constructing search subparser
DEBUG:root:Constructing get subparser
DEBUG:root:Connecting to PostgreSQL
DEBUG:root:Database connection established
INFO:root:Constructing parser
DEBUG:root:Constructing put subparser
DEBUG:root:Constructing catalog subparser
DEBUG:root:Constructing search subparser
DEBUG:root:Constructing get subparser
DEBUG:root:Connecting to PostgreSQL
DEBUG:root:Database connection established
INFO:root:Constructing parser
DEBUG:root:Constructing put subparser
DEBUG:root:Constructing catalog subparser
DEBUG:root:Constructing search subparser
DEBUG:root:Constructing get subparser
DEBUG:root:Connecting to PostgreSQL
DEBUG:root:Database connection established
INFO:root:Constructing parser
DEBUG:root:Constructing put subparser
DEBUG:root:Constructing catalog subparser
DEBUG:root:Constructing search subparser
DEBUG:root:Constructing get subparser
INFO:root:Storing snippet 'Test4': 'Hide this message'
DEBUG:root:Snippet stored successfully
DEBUG:root:Connecting to PostgreSQL
DEBUG:root:Database connection established
INFO:root:Constructing parser
DEBUG:root:Constructing put subparser
DEBUG:root:Constructing catalog subparser
DEBUG:root:Constructing search subparser
DEBUG:root:Constructing get subparser
DEBUG:root:Connecting to PostgreSQL
DEBUG:root:Database connection established
INFO:root:Constructing parser
DEBUG:root:Constructing put subparser
DEBUG:root:Constructing catalog subparser
DEBUG:root:Constructing search subparser
DEBUG:root:Constructing get subparser
DEBUG:root:Connecting to PostgreSQL
DEBUG:root:Database connection established
INFO:root:Constructing parser
DEBUG:root:Constructing put subparser
DEBUG:root:Constructing catalog subparser
DEBUG:root:Constructing search subparser
DEBUG:root:Constructing get subparser
INFO:root:Storing snippet 'Test4': 'Hide this message'
DEBUG:root:Snippet stored successfully
DEBUG:root:Connecting to PostgreSQL
DEBUG:root:Database connection established
INFO:root:Constructing parser
DEBUG:root:Constructing put subparser
DEBUG:root:Constructing catalog subparser
DEBUG:root:Constructing search subparser
DEBUG:root:Constructing get subparser
DEBUG:root:Connecting to PostgreSQL
DEBUG:root:Database connection established
INFO:root:Constructing parser
DEBUG:root:Constructing put subparser
DEBUG:root:Constructing catalog subparser
DEBUG:root:Constructing search subparser
DEBUG:root:Constructing get subparser
DEBUG:root:Connecting to PostgreSQL
DEBUG:root:Database connection established
INFO:root:Constructing parser
DEBUG:root:Constructing put subparser
DEBUG:root:Constructing catalog subparser
DEBUG:root:Constructing search subparser
DEBUG:root:Constructing get subparser
DEBUG:root:Connecting to PostgreSQL
DEBUG:root:Database connection established
INFO:root:Constructing parser
DEBUG:root:Constructing put subparser
DEBUG:root:Constructing catalog subparser
DEBUG:root:Constructing search subparser
DEBUG:root:Constructing get subparser
DEBUG:root:Connecting to PostgreSQL
DEBUG:root:Database connection established
INFO:root:Constructing parser
DEBUG:root:Constructing put subparser
DEBUG:root:Constructing catalog subparser
DEBUG:root:Constructing search subparser
DEBUG:root:Constructing get subparser
INFO:root:Storing snippet 'Test4': 'Hide this message'
DEBUG:root:Snippet stored successfully
DEBUG:root:Connecting to PostgreSQL
DEBUG:root:Database connection established
INFO:root:Constructing parser
DEBUG:root:Constructing put subparser
DEBUG:root:Constructing catalog subparser
DEBUG:root:Constructing search subparser
DEBUG:root:Constructing get subparser
INFO:root:Storing snippet 'Test4': 'Hide this message'
DEBUG:root:Snippet stored successfully
DEBUG:root:Connecting to PostgreSQL
DEBUG:root:Database connection established
INFO:root:Constructing parser
DEBUG:root:Constructing put subparser
DEBUG:root:Constructing catalog subparser
DEBUG:root:Constructing search subparser
DEBUG:root:Constructing get subparser
INFO:root:Storing snippet 'Test5': 'Hide this message also'
DEBUG:root:Snippet stored successfully
DEBUG:root:Connecting to PostgreSQL
DEBUG:root:Database connection established
INFO:root:Constructing parser
DEBUG:root:Constructing put subparser
DEBUG:root:Constructing catalog subparser
DEBUG:root:Constructing search subparser
DEBUG:root:Constructing get subparser
DEBUG:root:Connecting to PostgreSQL
DEBUG:root:Database connection established
INFO:root:Constructing parser
DEBUG:root:Constructing put subparser
DEBUG:root:Constructing catalog subparser
DEBUG:root:Constructing search subparser
DEBUG:root:Constructing get subparser
INFO:root:Retrieved keywords
DEBUG:root:Keywords retrieved successfully
DEBUG:root:Connecting to PostgreSQL
DEBUG:root:Database connection established
INFO:root:Constructing parser
DEBUG:root:Constructing put subparser
DEBUG:root:Constructing catalog subparser
DEBUG:root:Constructing search subparser
DEBUG:root:Constructing get subparser
INFO:root:Retrieved keywords
DEBUG:root:Connecting to PostgreSQL
DEBUG:root:Database connection established
INFO:root:Constructing parser
DEBUG:root:Constructing put subparser
DEBUG:root:Constructing catalog subparser
DEBUG:root:Constructing search subparser
DEBUG:root:Constructing get subparser
INFO:root:Retrieved keywords
DEBUG:root:Connecting to PostgreSQL
DEBUG:root:Database connection established
INFO:root:Constructing parser
DEBUG:root:Constructing put subparser
DEBUG:root:Constructing catalog subparser
DEBUG:root:Constructing search subparser
DEBUG:root:Constructing get subparser
INFO:root:Retrieved keywords
DEBUG:root:Connecting to PostgreSQL
DEBUG:root:Database connection established
INFO:root:Constructing parser
DEBUG:root:Constructing put subparser
DEBUG:root:Constructing catalog subparser
DEBUG:root:Constructing search subparser
DEBUG:root:Constructing get subparser
INFO:root:Retrieved keywords
DEBUG:root:Connecting to PostgreSQL
DEBUG:root:Database connection established
INFO:root:Constructing parser
DEBUG:root:Constructing put subparser
DEBUG:root:Constructing catalog subparser
DEBUG:root:Constructing search subparser
DEBUG:root:Constructing get subparser
INFO:root:Retrieved keywords
DEBUG:root:Connecting to PostgreSQL
DEBUG:root:Database connection established
INFO:root:Constructing parser
DEBUG:root:Constructing put subparser
DEBUG:root:Constructing catalog subparser
DEBUG:root:Constructing search subparser
DEBUG:root:Constructing get subparser
INFO:root:Retrieved keywords
DEBUG:root:Connecting to PostgreSQL
DEBUG:root:Database connection established
INFO:root:Constructing parser
DEBUG:root:Constructing put subparser
DEBUG:root:Constructing catalog subparser
DEBUG:root:Constructing search subparser
DEBUG:root:Constructing get subparser
INFO:root:Storing snippet 'Test6': 'Hide this message too'
DEBUG:root:Connecting to PostgreSQL
DEBUG:root:Database connection established
INFO:root:Constructing parser
DEBUG:root:Constructing put subparser
DEBUG:root:Constructing catalog subparser
DEBUG:root:Constructing search subparser
DEBUG:root:Constructing get subparser
INFO:root:Storing snippet 'Test6': 'Hide this message too'
DEBUG:root:Connecting to PostgreSQL
DEBUG:root:Database connection established
INFO:root:Constructing parser
DEBUG:root:Constructing put subparser
DEBUG:root:Constructing catalog subparser
DEBUG:root:Constructing search subparser
DEBUG:root:Constructing get subparser
INFO:root:Storing snippet 'Test6': 'Hide this message too'
DEBUG:root:Connecting to PostgreSQL
DEBUG:root:Database connection established
INFO:root:Constructing parser
DEBUG:root:Constructing put subparser
DEBUG:root:Constructing catalog subparser
DEBUG:root:Constructing search subparser
DEBUG:root:Constructing get subparser
INFO:root:Storing snippet 'Test6': 'Hide this message too'
DEBUG:root:Connecting to PostgreSQL
DEBUG:root:Database connection established
INFO:root:Constructing parser
DEBUG:root:Constructing put subparser
DEBUG:root:Constructing catalog subparser
DEBUG:root:Constructing search subparser
DEBUG:root:Constructing get subparser
INFO:root:Storing snippet 'Test6': 'Hide this message too'
DEBUG:root:Snippet stored successfully
DEBUG:root:Connecting to PostgreSQL
DEBUG:root:Database connection established
INFO:root:Constructing parser
DEBUG:root:Constructing put subparser
DEBUG:root:Constructing catalog subparser
DEBUG:root:Constructing search subparser
DEBUG:root:Constructing get subparser
INFO:root:Storing snippet 'Test6': 'Hide this message too'
DEBUG:root:Connecting to PostgreSQL
DEBUG:root:Database connection established
INFO:root:Constructing parser
DEBUG:root:Constructing put subparser
DEBUG:root:Constructing catalog subparser
DEBUG:root:Constructing search subparser
DEBUG:root:Constructing get subparser
INFO:root:Storing snippet 'Test6': 'Hide this message too'
DEBUG:root:Connecting to PostgreSQL
DEBUG:root:Database connection established
INFO:root:Constructing parser
DEBUG:root:Constructing put subparser
DEBUG:root:Constructing catalog subparser
DEBUG:root:Constructing search subparser
DEBUG:root:Constructing get subparser
INFO:root:Storing snippet 'Test6': 'Hide this message too'
DEBUG:root:Connecting to PostgreSQL
DEBUG:root:Database connection established
INFO:root:Constructing parser
DEBUG:root:Constructing put subparser
DEBUG:root:Constructing catalog subparser
DEBUG:root:Constructing search subparser
DEBUG:root:Constructing get subparser
INFO:root:Storing snippet 'Test6': 'Hide this message too'
DEBUG:root:Connecting to PostgreSQL
DEBUG:root:Database connection established
INFO:root:Constructing parser
DEBUG:root:Constructing put subparser
DEBUG:root:Constructing catalog subparser
DEBUG:root:Constructing search subparser
DEBUG:root:Constructing get subparser
INFO:root:Storing snippet 'Test6': 'Hide this message too'
DEBUG:root:Connecting to PostgreSQL
DEBUG:root:Database connection established
INFO:root:Constructing parser
DEBUG:root:Constructing put subparser
DEBUG:root:Constructing catalog subparser
DEBUG:root:Constructing search subparser
DEBUG:root:Constructing get subparser
INFO:root:Storing snippet 'Test6': 'Hide this message too'
DEBUG:root:Snippet stored successfully
DEBUG:root:Connecting to PostgreSQL
DEBUG:root:Database connection established
INFO:root:Constructing parser
DEBUG:root:Constructing put subparser
DEBUG:root:Constructing catalog subparser
DEBUG:root:Constructing search subparser
DEBUG:root:Constructing get subparser
INFO:root:Storing snippet 'Test6': 'Hide this message too'
DEBUG:root:Snippet stored successfully
DEBUG:root:Connecting to PostgreSQL
DEBUG:root:Database connection established
INFO:root:Constructing parser
DEBUG:root:Constructing put subparser
DEBUG:root:Constructing catalog subparser
DEBUG:root:Constructing search subparser
DEBUG:root:Constructing get subparser
INFO:root:Storing snippet 'Test6': 'Hide this message too'
DEBUG:root:Snippet stored successfully
DEBUG:root:Connecting to PostgreSQL
DEBUG:root:Database connection established
INFO:root:Constructing parser
DEBUG:root:Constructing put subparser
DEBUG:root:Constructing catalog subparser
DEBUG:root:Constructing search subparser
DEBUG:root:Constructing get subparser
INFO:root:Storing snippet 'Test6': 'Hide this message too'
DEBUG:root:Snippet stored successfully
DEBUG:root:Connecting to PostgreSQL
DEBUG:root:Database connection established
INFO:root:Constructing parser
DEBUG:root:Constructing put subparser
DEBUG:root:Constructing catalog subparser
DEBUG:root:Constructing search subparser
DEBUG:root:Constructing get subparser
INFO:root:Storing snippet 'Test6': 'Hide this message too'
DEBUG:root:Snippet stored successfully
DEBUG:root:Connecting to PostgreSQL
DEBUG:root:Database connection established
INFO:root:Constructing parser
DEBUG:root:Constructing put subparser
DEBUG:root:Constructing catalog subparser
DEBUG:root:Constructing search subparser
DEBUG:root:Constructing get subparser
INFO:root:Retrieved keywords
DEBUG:root:Keywords retrieved successfully
DEBUG:root:Connecting to PostgreSQL
DEBUG:root:Database connection established
INFO:root:Constructing parser
DEBUG:root:Constructing put subparser
DEBUG:root:Constructing catalog subparser
DEBUG:root:Constructing search subparser
DEBUG:root:Constructing get subparser
INFO:root:Storing snippet 'Test7': 'Hide this one also'
DEBUG:root:Snippet stored successfully
DEBUG:root:Connecting to PostgreSQL
DEBUG:root:Database connection established
INFO:root:Constructing parser
DEBUG:root:Constructing put subparser
DEBUG:root:Constructing catalog subparser
DEBUG:root:Constructing search subparser
DEBUG:root:Constructing get subparser
INFO:root:Storing snippet 'Test8': 'Keep this hidden'
DEBUG:root:Snippet stored successfully
DEBUG:root:Connecting to PostgreSQL
DEBUG:root:Database connection established
INFO:root:Constructing parser
DEBUG:root:Constructing put subparser
DEBUG:root:Constructing catalog subparser
DEBUG:root:Constructing search subparser
DEBUG:root:Constructing get subparser
INFO:root:Retrieved keywords
DEBUG:root:Keywords retrieved successfully
DEBUG:root:Connecting to PostgreSQL
DEBUG:root:Database connection established
INFO:root:Constructing parser
DEBUG:root:Constructing put subparser
DEBUG:root:Constructing catalog subparser
DEBUG:root:Constructing search subparser
DEBUG:root:Constructing get subparser
INFO:root:Retrieved keywords
DEBUG:root:Connecting to PostgreSQL
DEBUG:root:Database connection established
INFO:root:Constructing parser
DEBUG:root:Constructing put subparser
DEBUG:root:Constructing catalog subparser
DEBUG:root:Constructing search subparser
DEBUG:root:Constructing get subparser
INFO:root:Retrieved keywords
DEBUG:root:Keywords retrieved successfully
DEBUG:root:Connecting to PostgreSQL
DEBUG:root:Database connection established
INFO:root:Constructing parser
DEBUG:root:Constructing put subparser
DEBUG:root:Constructing catalog subparser
DEBUG:root:Constructing search subparser
DEBUG:root:Constructing get subparser
INFO:root:Retrieved keywords
DEBUG:root:Keywords retrieved successfully
DEBUG:root:Connecting to PostgreSQL
DEBUG:root:Database connection established
INFO:root:Constructing parser
DEBUG:root:Constructing put subparser
DEBUG:root:Constructing catalog subparser
DEBUG:root:Constructing search subparser
DEBUG:root:Constructing get subparser
INFO:root:Storing snippet 'Test7': 'Hide this one also'
DEBUG:root:Connecting to PostgreSQL
DEBUG:root:Database connection established
INFO:root:Constructing parser
DEBUG:root:Constructing put subparser
DEBUG:root:Constructing catalog subparser
DEBUG:root:Constructing search subparser
DEBUG:root:Constructing get subparser
INFO:root:Storing snippet 'Test7': 'Hide this one also'
DEBUG:root:Connecting to PostgreSQL
DEBUG:root:Database connection established
INFO:root:Constructing parser
DEBUG:root:Constructing put subparser
DEBUG:root:Constructing catalog subparser
DEBUG:root:Constructing search subparser
DEBUG:root:Constructing get subparser
INFO:root:Storing snippet 'Test7': 'Hide this one also'
DEBUG:root:Connecting to PostgreSQL
DEBUG:root:Database connection established
INFO:root:Constructing parser
DEBUG:root:Constructing put subparser
DEBUG:root:Constructing catalog subparser
DEBUG:root:Constructing search subparser
DEBUG:root:Constructing get subparser
INFO:root:Storing snippet 'Test7': 'Hide this one also'
DEBUG:root:Snippet stored successfully
DEBUG:root:Connecting to PostgreSQL
DEBUG:root:Database connection established
INFO:root:Constructing parser
DEBUG:root:Constructing put subparser
DEBUG:root:Constructing catalog subparser
DEBUG:root:Constructing search subparser
DEBUG:root:Constructing get subparser
INFO:root:Storing snippet 'Test7': 'Hide this one also'
DEBUG:root:Snippet stored successfully
DEBUG:root:Connecting to PostgreSQL
DEBUG:root:Database connection established
INFO:root:Constructing parser
DEBUG:root:Constructing put subparser
DEBUG:root:Constructing catalog subparser
DEBUG:root:Constructing search subparser
DEBUG:root:Constructing get subparser
INFO:root:Retrieved keywords
DEBUG:root:Keywords retrieved successfully
DEBUG:root:Connecting to PostgreSQL
DEBUG:root:Database connection established
INFO:root:Constructing parser
DEBUG:root:Constructing put subparser
DEBUG:root:Constructing catalog subparser
DEBUG:root:Constructing search subparser
DEBUG:root:Constructing get subparser
INFO:root:Retrieved possible snippet matches
DEBUG:root:Connecting to PostgreSQL
DEBUG:root:Database connection established
INFO:root:Constructing parser
DEBUG:root:Constructing put subparser
DEBUG:root:Constructing catalog subparser
DEBUG:root:Constructing search subparser
DEBUG:root:Constructing get subparser
INFO:root:Retrieved possible snippet matches
DEBUG:root:Connecting to PostgreSQL
DEBUG:root:Database connection established
INFO:root:Constructing parser
DEBUG:root:Constructing put subparser
DEBUG:root:Constructing catalog subparser
DEBUG:root:Constructing search subparser
DEBUG:root:Constructing get subparser
INFO:root:Retrieved possible snippet matches
DEBUG:root:Connecting to PostgreSQL
DEBUG:root:Database connection established
INFO:root:Constructing parser
DEBUG:root:Constructing put subparser
DEBUG:root:Constructing catalog subparser
DEBUG:root:Constructing search subparser
DEBUG:root:Constructing get subparser
INFO:root:Retrieved possible snippet matches
DEBUG:root:Snippets retrieved successfully
